{"C:\\Users\\Steven\\BackEnd\\knexfile.js": {"path":"C:\\Users\\Steven\\BackEnd\\knexfile.js","statementMap":{"0":{"start":{"line":1,"column":0},"end":{"line":1,"column":27}},"1":{"start":{"line":3,"column":16},"end":{"line":9,"column":1}},"2":{"start":{"line":13,"column":19},"end":{"line":27,"column":1}},"3":{"start":{"line":28,"column":20},"end":{"line":42,"column":1}},"4":{"start":{"line":44,"column":0},"end":{"line":61,"column":2}}},"fnMap":{},"branchMap":{"0":{"loc":{"start":{"line":8,"column":12},"end":{"line":8,"column":38}},"type":"binary-expr","locations":[{"start":{"line":8,"column":12},"end":{"line":8,"column":32}},{"start":{"line":8,"column":36},"end":{"line":8,"column":38}}],"line":8}},"s":{"0":1,"1":1,"2":1,"3":1,"4":1},"f":{},"b":{"0":[1,0]},"_coverageSchema":"43e27e138ebf9cfc5966b082cf9a028302ed4184","hash":"59acd15409992fa208d29c4f26fed9151970a46e"}
,"C:\\Users\\Steven\\BackEnd\\api\\server.js": {"path":"C:\\Users\\Steven\\BackEnd\\api\\server.js","statementMap":{"0":{"start":{"line":1,"column":0},"end":{"line":1,"column":27}},"1":{"start":{"line":2,"column":16},"end":{"line":2,"column":34}},"2":{"start":{"line":3,"column":13},"end":{"line":3,"column":28}},"3":{"start":{"line":4,"column":15},"end":{"line":4,"column":32}},"4":{"start":{"line":5,"column":15},"end":{"line":5,"column":32}},"5":{"start":{"line":7,"column":15},"end":{"line":7,"column":35}},"6":{"start":{"line":12,"column":15},"end":{"line":12,"column":24}},"7":{"start":{"line":13,"column":17},"end":{"line":13,"column":39}},"8":{"start":{"line":15,"column":0},"end":{"line":15,"column":21}},"9":{"start":{"line":16,"column":0},"end":{"line":16,"column":27}},"10":{"start":{"line":17,"column":0},"end":{"line":17,"column":26}},"11":{"start":{"line":18,"column":0},"end":{"line":18,"column":19}},"12":{"start":{"line":22,"column":11},"end":{"line":22,"column":42}},"13":{"start":{"line":24,"column":14},"end":{"line":24,"column":30}},"14":{"start":{"line":25,"column":15},"end":{"line":25,"column":34}},"15":{"start":{"line":26,"column":12},"end":{"line":26,"column":35}},"16":{"start":{"line":32,"column":0},"end":{"line":34,"column":3}},"17":{"start":{"line":33,"column":4},"end":{"line":33,"column":37}},"18":{"start":{"line":38,"column":0},"end":{"line":53,"column":3}},"19":{"start":{"line":39,"column":19},"end":{"line":39,"column":27}},"20":{"start":{"line":40,"column":17},"end":{"line":40,"column":55}},"21":{"start":{"line":41,"column":4},"end":{"line":41,"column":29}},"22":{"start":{"line":43,"column":4},"end":{"line":49,"column":7}},"23":{"start":{"line":45,"column":8},"end":{"line":45,"column":36}},"24":{"start":{"line":48,"column":8},"end":{"line":48,"column":64}},"25":{"start":{"line":50,"column":4},"end":{"line":50,"column":34}},"26":{"start":{"line":51,"column":4},"end":{"line":51,"column":34}},"27":{"start":{"line":58,"column":17},"end":{"line":58,"column":47}},"28":{"start":{"line":60,"column":4},"end":{"line":60,"column":49}},"29":{"start":{"line":66,"column":4},"end":{"line":66,"column":46}},"30":{"start":{"line":67,"column":20},"end":{"line":70,"column":5}},"31":{"start":{"line":71,"column":20},"end":{"line":73,"column":5}},"32":{"start":{"line":74,"column":4},"end":{"line":74,"column":35}},"33":{"start":{"line":76,"column":4},"end":{"line":76,"column":56}},"34":{"start":{"line":80,"column":4},"end":{"line":80,"column":31}},"35":{"start":{"line":83,"column":0},"end":{"line":104,"column":2}},"36":{"start":{"line":84,"column":19},"end":{"line":84,"column":36}},"37":{"start":{"line":85,"column":20},"end":{"line":85,"column":37}},"38":{"start":{"line":88,"column":4},"end":{"line":103,"column":6}},"39":{"start":{"line":90,"column":8},"end":{"line":99,"column":9}},"40":{"start":{"line":91,"column":29},"end":{"line":91,"column":40}},"41":{"start":{"line":93,"column":12},"end":{"line":95,"column":14}},"42":{"start":{"line":98,"column":12},"end":{"line":98,"column":65}},"43":{"start":{"line":102,"column":8},"end":{"line":102,"column":94}},"44":{"start":{"line":110,"column":0},"end":{"line":119,"column":2}},"45":{"start":{"line":111,"column":4},"end":{"line":117,"column":6}},"46":{"start":{"line":113,"column":8},"end":{"line":113,"column":20}},"47":{"start":{"line":116,"column":8},"end":{"line":116,"column":21}},"48":{"start":{"line":123,"column":4},"end":{"line":123,"column":53}},"49":{"start":{"line":127,"column":18},"end":{"line":127,"column":45}},"50":{"start":{"line":129,"column":4},"end":{"line":142,"column":5}},"51":{"start":{"line":130,"column":8},"end":{"line":137,"column":10}},"52":{"start":{"line":131,"column":12},"end":{"line":136,"column":13}},"53":{"start":{"line":131,"column":22},"end":{"line":131,"column":54}},"54":{"start":{"line":133,"column":12},"end":{"line":133,"column":34}},"55":{"start":{"line":135,"column":12},"end":{"line":135,"column":19}},"56":{"start":{"line":139,"column":8},"end":{"line":141,"column":11}},"57":{"start":{"line":148,"column":18},"end":{"line":148,"column":42}},"58":{"start":{"line":150,"column":4},"end":{"line":163,"column":5}},"59":{"start":{"line":151,"column":8},"end":{"line":158,"column":10}},"60":{"start":{"line":152,"column":12},"end":{"line":157,"column":13}},"61":{"start":{"line":152,"column":22},"end":{"line":152,"column":54}},"62":{"start":{"line":154,"column":12},"end":{"line":154,"column":34}},"63":{"start":{"line":156,"column":12},"end":{"line":156,"column":19}},"64":{"start":{"line":160,"column":8},"end":{"line":162,"column":11}},"65":{"start":{"line":168,"column":0},"end":{"line":178,"column":3}},"66":{"start":{"line":170,"column":4},"end":{"line":170,"column":41}},"67":{"start":{"line":171,"column":4},"end":{"line":177,"column":7}},"68":{"start":{"line":173,"column":6},"end":{"line":173,"column":34}},"69":{"start":{"line":176,"column":6},"end":{"line":176,"column":75}},"70":{"start":{"line":182,"column":4},"end":{"line":182,"column":44}},"71":{"start":{"line":183,"column":4},"end":{"line":183,"column":102}},"72":{"start":{"line":189,"column":0},"end":{"line":200,"column":2}},"73":{"start":{"line":190,"column":4},"end":{"line":190,"column":47}},"74":{"start":{"line":191,"column":15},"end":{"line":191,"column":23}},"75":{"start":{"line":193,"column":4},"end":{"line":199,"column":11}},"76":{"start":{"line":195,"column":12},"end":{"line":195,"column":40}},"77":{"start":{"line":198,"column":12},"end":{"line":198,"column":82}},"78":{"start":{"line":204,"column":4},"end":{"line":204,"column":25}},"79":{"start":{"line":205,"column":18},"end":{"line":205,"column":49}},"80":{"start":{"line":206,"column":4},"end":{"line":206,"column":24}},"81":{"start":{"line":207,"column":4},"end":{"line":209,"column":9}},"82":{"start":{"line":215,"column":0},"end":{"line":230,"column":2}},"83":{"start":{"line":216,"column":21},"end":{"line":216,"column":34}},"84":{"start":{"line":218,"column":4},"end":{"line":229,"column":6}},"85":{"start":{"line":220,"column":8},"end":{"line":225,"column":9}},"86":{"start":{"line":221,"column":12},"end":{"line":221,"column":54}},"87":{"start":{"line":224,"column":12},"end":{"line":224,"column":90}},"88":{"start":{"line":228,"column":8},"end":{"line":228,"column":88}},"89":{"start":{"line":234,"column":0},"end":{"line":253,"column":2}},"90":{"start":{"line":235,"column":17},"end":{"line":235,"column":31}},"91":{"start":{"line":237,"column":4},"end":{"line":252,"column":6}},"92":{"start":{"line":239,"column":8},"end":{"line":248,"column":9}},"93":{"start":{"line":240,"column":12},"end":{"line":243,"column":14}},"94":{"start":{"line":242,"column":16},"end":{"line":242,"column":80}},"95":{"start":{"line":247,"column":12},"end":{"line":247,"column":72}},"96":{"start":{"line":251,"column":8},"end":{"line":251,"column":36}},"97":{"start":{"line":259,"column":0},"end":{"line":259,"column":24}}},"fnMap":{"0":{"name":"(anonymous_0)","decl":{"start":{"line":32,"column":16},"end":{"line":32,"column":17}},"loc":{"start":{"line":32,"column":29},"end":{"line":34,"column":1}},"line":32},"1":{"name":"(anonymous_1)","decl":{"start":{"line":38,"column":25},"end":{"line":38,"column":26}},"loc":{"start":{"line":38,"column":39},"end":{"line":53,"column":1}},"line":38},"2":{"name":"(anonymous_2)","decl":{"start":{"line":44,"column":11},"end":{"line":44,"column":12}},"loc":{"start":{"line":44,"column":20},"end":{"line":46,"column":5}},"line":44},"3":{"name":"(anonymous_3)","decl":{"start":{"line":47,"column":12},"end":{"line":47,"column":13}},"loc":{"start":{"line":47,"column":21},"end":{"line":49,"column":5}},"line":47},"4":{"name":"addUserPerson","decl":{"start":{"line":57,"column":15},"end":{"line":57,"column":28}},"loc":{"start":{"line":57,"column":36},"end":{"line":61,"column":1}},"line":57},"5":{"name":"token","decl":{"start":{"line":65,"column":9},"end":{"line":65,"column":14}},"loc":{"start":{"line":65,"column":24},"end":{"line":77,"column":1}},"line":65},"6":{"name":"searchy","decl":{"start":{"line":79,"column":9},"end":{"line":79,"column":16}},"loc":{"start":{"line":79,"column":21},"end":{"line":81,"column":1}},"line":79},"7":{"name":"(anonymous_7)","decl":{"start":{"line":83,"column":22},"end":{"line":83,"column":23}},"loc":{"start":{"line":83,"column":36},"end":{"line":104,"column":1}},"line":83},"8":{"name":"(anonymous_8)","decl":{"start":{"line":89,"column":12},"end":{"line":89,"column":13}},"loc":{"start":{"line":89,"column":20},"end":{"line":100,"column":5}},"line":89},"9":{"name":"(anonymous_9)","decl":{"start":{"line":101,"column":12},"end":{"line":101,"column":13}},"loc":{"start":{"line":101,"column":21},"end":{"line":103,"column":5}},"line":101},"10":{"name":"(anonymous_10)","decl":{"start":{"line":110,"column":35},"end":{"line":110,"column":36}},"loc":{"start":{"line":110,"column":48},"end":{"line":119,"column":1}},"line":110},"11":{"name":"(anonymous_11)","decl":{"start":{"line":112,"column":10},"end":{"line":112,"column":11}},"loc":{"start":{"line":112,"column":16},"end":{"line":114,"column":5}},"line":112},"12":{"name":"(anonymous_12)","decl":{"start":{"line":115,"column":11},"end":{"line":115,"column":12}},"loc":{"start":{"line":115,"column":18},"end":{"line":117,"column":5}},"line":115},"13":{"name":"usersRegis","decl":{"start":{"line":122,"column":9},"end":{"line":122,"column":19}},"loc":{"start":{"line":122,"column":23},"end":{"line":124,"column":1}},"line":122},"14":{"name":"authenticate","decl":{"start":{"line":126,"column":9},"end":{"line":126,"column":21}},"loc":{"start":{"line":126,"column":38},"end":{"line":143,"column":1}},"line":126},"15":{"name":"(anonymous_15)","decl":{"start":{"line":130,"column":45},"end":{"line":130,"column":46}},"loc":{"start":{"line":130,"column":63},"end":{"line":137,"column":9}},"line":130},"16":{"name":"authenticate2","decl":{"start":{"line":147,"column":9},"end":{"line":147,"column":22}},"loc":{"start":{"line":147,"column":40},"end":{"line":164,"column":1}},"line":147},"17":{"name":"(anonymous_17)","decl":{"start":{"line":151,"column":45},"end":{"line":151,"column":46}},"loc":{"start":{"line":151,"column":63},"end":{"line":158,"column":9}},"line":151},"18":{"name":"(anonymous_18)","decl":{"start":{"line":168,"column":22},"end":{"line":168,"column":23}},"loc":{"start":{"line":168,"column":36},"end":{"line":178,"column":1}},"line":168},"19":{"name":"(anonymous_19)","decl":{"start":{"line":172,"column":10},"end":{"line":172,"column":11}},"loc":{"start":{"line":172,"column":19},"end":{"line":174,"column":5}},"line":172},"20":{"name":"(anonymous_20)","decl":{"start":{"line":175,"column":11},"end":{"line":175,"column":12}},"loc":{"start":{"line":175,"column":18},"end":{"line":177,"column":5}},"line":175},"21":{"name":"blah","decl":{"start":{"line":181,"column":9},"end":{"line":181,"column":13}},"loc":{"start":{"line":181,"column":16},"end":{"line":185,"column":1}},"line":181},"22":{"name":"(anonymous_22)","decl":{"start":{"line":189,"column":25},"end":{"line":189,"column":26}},"loc":{"start":{"line":189,"column":39},"end":{"line":200,"column":1}},"line":189},"23":{"name":"(anonymous_23)","decl":{"start":{"line":194,"column":14},"end":{"line":194,"column":15}},"loc":{"start":{"line":194,"column":23},"end":{"line":196,"column":9}},"line":194},"24":{"name":"(anonymous_24)","decl":{"start":{"line":197,"column":15},"end":{"line":197,"column":16}},"loc":{"start":{"line":197,"column":24},"end":{"line":199,"column":9}},"line":197},"25":{"name":"addPost","decl":{"start":{"line":203,"column":15},"end":{"line":203,"column":22}},"loc":{"start":{"line":203,"column":30},"end":{"line":210,"column":1}},"line":203},"26":{"name":"(anonymous_26)","decl":{"start":{"line":215,"column":34},"end":{"line":215,"column":35}},"loc":{"start":{"line":215,"column":47},"end":{"line":230,"column":1}},"line":215},"27":{"name":"(anonymous_27)","decl":{"start":{"line":219,"column":11},"end":{"line":219,"column":12}},"loc":{"start":{"line":219,"column":21},"end":{"line":226,"column":5}},"line":219},"28":{"name":"(anonymous_28)","decl":{"start":{"line":227,"column":12},"end":{"line":227,"column":13}},"loc":{"start":{"line":227,"column":22},"end":{"line":229,"column":5}},"line":227},"29":{"name":"(anonymous_29)","decl":{"start":{"line":234,"column":31},"end":{"line":234,"column":32}},"loc":{"start":{"line":234,"column":46},"end":{"line":253,"column":1}},"line":234},"30":{"name":"(anonymous_30)","decl":{"start":{"line":238,"column":11},"end":{"line":238,"column":12}},"loc":{"start":{"line":238,"column":22},"end":{"line":249,"column":5}},"line":238},"31":{"name":"(anonymous_31)","decl":{"start":{"line":241,"column":18},"end":{"line":241,"column":19}},"loc":{"start":{"line":241,"column":28},"end":{"line":243,"column":13}},"line":241},"32":{"name":"(anonymous_32)","decl":{"start":{"line":250,"column":12},"end":{"line":250,"column":13}},"loc":{"start":{"line":250,"column":22},"end":{"line":252,"column":5}},"line":250}},"branchMap":{"0":{"loc":{"start":{"line":90,"column":8},"end":{"line":99,"column":9}},"type":"if","locations":[{"start":{"line":90,"column":8},"end":{"line":99,"column":9}},{"start":{"line":90,"column":8},"end":{"line":99,"column":9}}],"line":90},"1":{"loc":{"start":{"line":129,"column":4},"end":{"line":142,"column":5}},"type":"if","locations":[{"start":{"line":129,"column":4},"end":{"line":142,"column":5}},{"start":{"line":129,"column":4},"end":{"line":142,"column":5}}],"line":129},"2":{"loc":{"start":{"line":131,"column":12},"end":{"line":136,"column":13}},"type":"if","locations":[{"start":{"line":131,"column":12},"end":{"line":136,"column":13}},{"start":{"line":131,"column":12},"end":{"line":136,"column":13}}],"line":131},"3":{"loc":{"start":{"line":150,"column":4},"end":{"line":163,"column":5}},"type":"if","locations":[{"start":{"line":150,"column":4},"end":{"line":163,"column":5}},{"start":{"line":150,"column":4},"end":{"line":163,"column":5}}],"line":150},"4":{"loc":{"start":{"line":152,"column":12},"end":{"line":157,"column":13}},"type":"if","locations":[{"start":{"line":152,"column":12},"end":{"line":157,"column":13}},{"start":{"line":152,"column":12},"end":{"line":157,"column":13}}],"line":152},"5":{"loc":{"start":{"line":220,"column":8},"end":{"line":225,"column":9}},"type":"if","locations":[{"start":{"line":220,"column":8},"end":{"line":225,"column":9}},{"start":{"line":220,"column":8},"end":{"line":225,"column":9}}],"line":220},"6":{"loc":{"start":{"line":239,"column":8},"end":{"line":248,"column":9}},"type":"if","locations":[{"start":{"line":239,"column":8},"end":{"line":248,"column":9}},{"start":{"line":239,"column":8},"end":{"line":248,"column":9}}],"line":239}},"s":{"0":1,"1":1,"2":1,"3":1,"4":1,"5":1,"6":1,"7":1,"8":1,"9":1,"10":1,"11":1,"12":1,"13":1,"14":1,"15":1,"16":1,"17":0,"18":1,"19":0,"20":0,"21":0,"22":0,"23":0,"24":0,"25":0,"26":0,"27":0,"28":0,"29":0,"30":0,"31":0,"32":0,"33":0,"34":0,"35":1,"36":0,"37":0,"38":0,"39":0,"40":0,"41":0,"42":0,"43":0,"44":1,"45":0,"46":0,"47":0,"48":0,"49":0,"50":0,"51":0,"52":0,"53":0,"54":0,"55":0,"56":0,"57":0,"58":0,"59":0,"60":0,"61":0,"62":0,"63":0,"64":0,"65":1,"66":2,"67":2,"68":0,"69":2,"70":2,"71":2,"72":1,"73":0,"74":0,"75":0,"76":0,"77":0,"78":0,"79":0,"80":0,"81":0,"82":1,"83":0,"84":0,"85":0,"86":0,"87":0,"88":0,"89":1,"90":0,"91":0,"92":0,"93":0,"94":0,"95":0,"96":0,"97":1},"f":{"0":0,"1":0,"2":0,"3":0,"4":0,"5":0,"6":0,"7":0,"8":0,"9":0,"10":0,"11":0,"12":0,"13":0,"14":0,"15":0,"16":0,"17":0,"18":2,"19":0,"20":2,"21":2,"22":0,"23":0,"24":0,"25":0,"26":0,"27":0,"28":0,"29":0,"30":0,"31":0,"32":0},"b":{"0":[0,0],"1":[0,0],"2":[0,0],"3":[0,0],"4":[0,0],"5":[0,0],"6":[0,0]},"_coverageSchema":"43e27e138ebf9cfc5966b082cf9a028302ed4184","hash":"2b489200d998dcae311c546b10c5a4b68e6c01c5"}
,"C:\\Users\\Steven\\BackEnd\\database\\dbConfig.js": {"path":"C:\\Users\\Steven\\BackEnd\\database\\dbConfig.js","statementMap":{"0":{"start":{"line":3,"column":13},"end":{"line":3,"column":28}},"1":{"start":{"line":5,"column":17},"end":{"line":5,"column":57}},"2":{"start":{"line":7,"column":20},"end":{"line":7,"column":42}},"3":{"start":{"line":9,"column":0},"end":{"line":9,"column":45}}},"fnMap":{},"branchMap":{"0":{"loc":{"start":{"line":5,"column":17},"end":{"line":5,"column":57}},"type":"binary-expr","locations":[{"start":{"line":5,"column":17},"end":{"line":5,"column":40}},{"start":{"line":5,"column":44},"end":{"line":5,"column":57}}],"line":5}},"s":{"0":1,"1":1,"2":1,"3":1},"f":{},"b":{"0":[1,1]},"_coverageSchema":"43e27e138ebf9cfc5966b082cf9a028302ed4184","hash":"c3a1c4d5611f4eed166100e39a902aef709b814d"}
}
