TN:
SF:C:\Users\Steven\BackEnd\knexfile.js
FNF:0
FNH:0
DA:1,1
DA:3,1
DA:13,1
DA:28,1
DA:44,1
LF:5
LH:5
BRDA:8,0,0,1
BRDA:8,0,1,0
BRF:2
BRH:1
end_of_record
TN:
SF:C:\Users\Steven\BackEnd\api\server.js
FN:32,(anonymous_0)
FN:38,(anonymous_1)
FN:44,(anonymous_2)
FN:47,(anonymous_3)
FN:57,addUserPerson
FN:65,token
FN:79,searchy
FN:83,(anonymous_7)
FN:89,(anonymous_8)
FN:101,(anonymous_9)
FN:110,(anonymous_10)
FN:112,(anonymous_11)
FN:115,(anonymous_12)
FN:122,usersRegis
FN:126,authenticate
FN:130,(anonymous_15)
FN:147,authenticate2
FN:151,(anonymous_17)
FN:168,(anonymous_18)
FN:172,(anonymous_19)
FN:175,(anonymous_20)
FN:181,blah
FN:189,(anonymous_22)
FN:194,(anonymous_23)
FN:197,(anonymous_24)
FN:203,addPost
FN:215,(anonymous_26)
FN:219,(anonymous_27)
FN:227,(anonymous_28)
FN:234,(anonymous_29)
FN:238,(anonymous_30)
FN:241,(anonymous_31)
FN:250,(anonymous_32)
FNF:33
FNH:3
FNDA:0,(anonymous_0)
FNDA:0,(anonymous_1)
FNDA:0,(anonymous_2)
FNDA:0,(anonymous_3)
FNDA:0,addUserPerson
FNDA:0,token
FNDA:0,searchy
FNDA:0,(anonymous_7)
FNDA:0,(anonymous_8)
FNDA:0,(anonymous_9)
FNDA:0,(anonymous_10)
FNDA:0,(anonymous_11)
FNDA:0,(anonymous_12)
FNDA:0,usersRegis
FNDA:0,authenticate
FNDA:0,(anonymous_15)
FNDA:0,authenticate2
FNDA:0,(anonymous_17)
FNDA:2,(anonymous_18)
FNDA:0,(anonymous_19)
FNDA:2,(anonymous_20)
FNDA:2,blah
FNDA:0,(anonymous_22)
FNDA:0,(anonymous_23)
FNDA:0,(anonymous_24)
FNDA:0,addPost
FNDA:0,(anonymous_26)
FNDA:0,(anonymous_27)
FNDA:0,(anonymous_28)
FNDA:0,(anonymous_29)
FNDA:0,(anonymous_30)
FNDA:0,(anonymous_31)
FNDA:0,(anonymous_32)
DA:1,1
DA:2,1
DA:3,1
DA:4,1
DA:5,1
DA:7,1
DA:12,1
DA:13,1
DA:15,1
DA:16,1
DA:17,1
DA:18,1
DA:22,1
DA:24,1
DA:25,1
DA:26,1
DA:32,1
DA:33,0
DA:38,1
DA:39,0
DA:40,0
DA:41,0
DA:43,0
DA:45,0
DA:48,0
DA:50,0
DA:51,0
DA:58,0
DA:60,0
DA:66,0
DA:67,0
DA:71,0
DA:74,0
DA:76,0
DA:80,0
DA:83,1
DA:84,0
DA:85,0
DA:88,0
DA:90,0
DA:91,0
DA:93,0
DA:98,0
DA:102,0
DA:110,1
DA:111,0
DA:113,0
DA:116,0
DA:123,0
DA:127,0
DA:129,0
DA:130,0
DA:131,0
DA:133,0
DA:135,0
DA:139,0
DA:148,0
DA:150,0
DA:151,0
DA:152,0
DA:154,0
DA:156,0
DA:160,0
DA:168,1
DA:170,2
DA:171,2
DA:173,0
DA:176,2
DA:182,2
DA:183,2
DA:189,1
DA:190,0
DA:191,0
DA:193,0
DA:195,0
DA:198,0
DA:204,0
DA:205,0
DA:206,0
DA:207,0
DA:215,1
DA:216,0
DA:218,0
DA:220,0
DA:221,0
DA:224,0
DA:228,0
DA:234,1
DA:235,0
DA:237,0
DA:239,0
DA:240,0
DA:242,0
DA:247,0
DA:251,0
DA:259,1
LF:96
LH:30
BRDA:90,0,0,0
BRDA:90,0,1,0
BRDA:129,1,0,0
BRDA:129,1,1,0
BRDA:131,2,0,0
BRDA:131,2,1,0
BRDA:150,3,0,0
BRDA:150,3,1,0
BRDA:152,4,0,0
BRDA:152,4,1,0
BRDA:220,5,0,0
BRDA:220,5,1,0
BRDA:239,6,0,0
BRDA:239,6,1,0
BRF:14
BRH:0
end_of_record
TN:
SF:C:\Users\Steven\BackEnd\database\dbConfig.js
FNF:0
FNH:0
DA:3,1
DA:5,1
DA:7,1
DA:9,1
LF:4
LH:4
BRDA:5,0,0,1
BRDA:5,0,1,1
BRF:2
BRH:2
end_of_record
